<?xml version="1.0" encoding="UTF-8"?>
<testsuite name="org.serenity.test.LoginZingTestSuite" time="2.887" tests="17" errors="0" skipped="0" failures="0">
  <properties>
[...]
</properties>
  <testcase name="Given Open URL" classname="Scenario: Login with invalid username" time="0.002"/>
  <testcase name="When user input username is &quot;abc&quot;" classname="Scenario: Login with invalid username" time="0"/>
  <testcase name="And user click Login button" classname="Scenario: Login with invalid username" time="0"/>
  <testcase name="Then user check alert message is &quot;Vui lòng nhập mật khẩu.&quot;" classname="Scenario: Login with invalid username" time="0"/>
  <testcase name="Scenario: Login with invalid username" classname="Scenario: Login with invalid username" time="1.354"/>
  <testcase name="Given Open URL" classname="Scenario: Login with invalid password" time="0"/>
  <testcase name="When user input username is &quot;applifemobi&quot;" classname="Scenario: Login with invalid password" time="0"/>
  <testcase name="And user input password is &quot;123&quot;" classname="Scenario: Login with invalid password" time="0"/>
  <testcase name="And user click Login button" classname="Scenario: Login with invalid password" time="0"/>
  <testcase name="Then user check alert message is &quot;Tên đăng nhập / Mật khẩu bạn đã nhập không chính xác! Vui lòng thử lại (đảm bảo đã tắt caps lock).&quot;" classname="Scenario: Login with invalid password" time="0"/>
  <testcase name="Scenario: Login with invalid password" classname="Scenario: Login with invalid password" time="0.758"/>
  <testcase name="Given Open URL" classname="Scenario: Login with invalid username and password" time="0"/>
  <testcase name="When user input username is &quot;abc123&quot;" classname="Scenario: Login with invalid username and password" time="0"/>
  <testcase name="And user input password is &quot;123&quot;" classname="Scenario: Login with invalid username and password" time="0"/>
  <testcase name="And user click Login button" classname="Scenario: Login with invalid username and password" time="0"/>
  <testcase name="Then user check alert message is &quot;Tên đăng nhập / Mật khẩu bạn đã nhập không chính xác! Vui lòng thử lại (đảm bảo đã tắt caps lock).&quot;" classname="Scenario: Login with invalid username and password" time="0"/>
  <testcase name="Scenario: Login with invalid username and password" classname="Scenario: Login with invalid username and password" time="0.773"/>
</testsuite>